#
# A fatal error has been detected by the Java Runtime Environment:
#
#  SIGSEGV (0xb) at pc=0x0000000119e23b1b, pid=5471, tid=54275
#
# JRE version: Java(TM) SE Runtime Environment (11.0.1+13) (build 11.0.1+13-LTS)
# Java VM: Java HotSpot(TM) 64-Bit Server VM (11.0.1+13-LTS, mixed mode, tiered, compressed oops, g1 gc, bsd-amd64)
# Problematic frame:
# C  [libawt_lwawt.dylib+0x1bb1b]  OGLSD_SetScratchSurface+0x1f
#
# No core dump will be written. Core dumps have been disabled. To enable core dumping, try "ulimit -c unlimited" before starting Java again
#
# If you would like to submit a bug report, please visit:
#   http://bugreport.java.com/bugreport/crash.jsp
# The crash happened outside the Java Virtual Machine in native code.
# See problematic frame for where to report the bug.
#

---------------  S U M M A R Y ------------

Command Line: -agentlib:jdwp=transport=dt_socket,suspend=y,address=localhost:61741 -Dfile.encoding=UTF-8 Breakout code=Breakout.class

Host: MacBookPro12,1 x86_64 2700 MHz, 4 cores, 8G, Darwin 17.7.0
Time: Fri Jul 12 23:41:49 2019 CEST elapsed time: 137278 seconds (1d 14h 7m 58s)

---------------  T H R E A D  ---------------

Current thread (0x00007f90a4a69000):  JavaThread "Java2D Queue Flusher" daemon [_thread_in_native, id=54275, stack(0x000070000e26b000,0x000070000e36b000)]

Stack: [0x000070000e26b000,0x000070000e36b000],  sp=0x000070000e36a8e0,  free space=1022k
Native frames: (J=compiled Java code, A=aot compiled Java code, j=interpreted, Vv=VM code, C=native code)
C  [libawt_lwawt.dylib+0x1bb1b]  OGLSD_SetScratchSurface+0x1f
C  [libawt_lwawt.dylib+0x3ffee]  Java_sun_java2d_opengl_OGLRenderQueue_flushBuffer+0x94a
J 1679  sun.java2d.opengl.OGLRenderQueue.flushBuffer(JI)V java.desktop@11.0.1 (0 bytes) @ 0x0000000121d5a0fd [0x0000000121d5a040+0x00000000000000bd]
J 2114% c2 sun.java2d.opengl.OGLRenderQueue$QueueFlusher.run()V java.desktop@11.0.1 (234 bytes) @ 0x0000000121dd03b0 [0x0000000121dcfee0+0x00000000000004d0]
j  java.lang.Thread.run()V+11 java.base@11.0.1
v  ~StubRoutines::call_stub
V  [libjvm.dylib+0x3a7512]  _ZN9JavaCalls11call_helperEP9JavaValueRK12methodHandleP17JavaCallArgumentsP6Thread+0x21a
V  [libjvm.dylib+0x3a695c]  _ZN9JavaCalls12call_virtualEP9JavaValueP5KlassP6SymbolS5_P17JavaCallArgumentsP6Thread+0xee
V  [libjvm.dylib+0x3a6a18]  _ZN9JavaCalls12call_virtualEP9JavaValue6HandleP5KlassP6SymbolS6_P6Thread+0x62
V  [libjvm.dylib+0x42a620]  _ZL12thread_entryP10JavaThreadP6Thread+0x78
V  [libjvm.dylib+0x700342]  _ZN10JavaThread17thread_main_innerEv+0x82
V  [libjvm.dylib+0x70018d]  _ZN10JavaThread3runEv+0x1ab
V  [libjvm.dylib+0x600ad3]  _ZL19thread_native_entryP6Thread+0x135
C  [libsystem_pthread.dylib+0x3661]  _pthread_body+0x154
C  [libsystem_pthread.dylib+0x350d]  _pthread_body+0x0
C  [libsystem_pthread.dylib+0x2bf9]  thread_start+0xd

Java frames: (J=compiled Java code, j=interpreted, Vv=VM code)
J 1679  sun.java2d.opengl.OGLRenderQueue.flushBuffer(JI)V java.desktop@11.0.1 (0 bytes) @ 0x0000000121d5a088 [0x0000000121d5a040+0x0000000000000048]
J 2114% c2 sun.java2d.opengl.OGLRenderQueue$QueueFlusher.run()V java.desktop@11.0.1 (234 bytes) @ 0x0000000121dd03b0 [0x0000000121dcfee0+0x00000000000004d0]
j  java.lang.Thread.run()V+11 java.base@11.0.1
v  ~StubRoutines::call_stub

siginfo: si_signo: 11 (SIGSEGV), si_code: 1 (SEGV_MAPERR), si_addr: 0x0000000000000002

Register to memory mapping:

RAX=0x00007f90a44e61e0 points into unknown readable memory
RBX=0x00007f90a6d44190 points into unknown readable memory
RCX=0x0000000000000047 is an unknown value
RDX=0x0000000119e47fcb: Java_sun_java2d_opengl_OGLRenderQueue_flushBuffer+0x927 in /Library/Java/JavaVirtualMachines/jdk-11.0.1.jdk/Contents/Home/lib/libawt_lwawt.dylib at 0x0000000119e08000
RSP=0x000070000e36a8e0 is pointing into the stack for thread: 0x00007f90a4a69000
RBP=0x000070000e36a910 is pointing into the stack for thread: 0x00007f90a4a69000
RSI=0x00007f90a6d44190 points into unknown readable memory
RDI=0x00007f90a4a69340 points into unknown readable memory
R8 =0x000000078010d948 is an oop
sun.java2d.opengl.OGLRenderQueue 
{0x000000078010d948} - klass: 'sun/java2d/opengl/OGLRenderQueue'
R9 =0xffffffff00000000 is an unknown value
R10=0x0000000121d5a088 is at entry_point+72 in (nmethod*)0x0000000121d59e90
R11=0x0000000000000020 is an unknown value
R12=0x00007f90a4a6ee10 points into unknown readable memory
R13=0x0000000000000002 is an unknown value
R14=0x0000000119e4825c: Java_sun_java2d_opengl_OGLRenderQueue_flushBuffer+0xbb8 in /Library/Java/JavaVirtualMachines/jdk-11.0.1.jdk/Contents/Home/lib/libawt_lwawt.dylib at 0x0000000119e08000
R15=0x00007f90a4a69340 points into unknown readable memory


Registers:
RAX=0x00007f90a44e61e0, RBX=0x00007f90a6d44190, RCX=0x0000000000000047, RDX=0x0000000119e47fcb
RSP=0x000070000e36a8e0, RBP=0x000070000e36a910, RSI=0x00007f90a6d44190, RDI=0x00007f90a4a69340
R8 =0x000000078010d948, R9 =0xffffffff00000000, R10=0x0000000121d5a088, R11=0x0000000000000020
R12=0x00007f90a4a6ee10, R13=0x0000000000000002, R14=0x0000000119e4825c, R15=0x00007f90a4a69340
RIP=0x0000000119e23b1b, EFLAGS=0x0000000000010202, ERR=0x0000000000000004
  TRAPNO=0x000000000000000e

Top of Stack: (sp=0x000070000e36a8e0)
0x000070000e36a8e0:   00007f90a44e61e0 00007f90a6d44190
0x000070000e36a8f0:   00007f90a4a6ee10 00007f90a4a6ee20
0x000070000e36a900:   0000000119e4825c 00007f90a4a69340
0x000070000e36a910:   000070000e36a970 0000000119e47fee
0x000070000e36a920:   0000700000000005 00007f90a4a69000
0x000070000e36a930:   000070000e36ab01 00000000a44cf0e0
0x000070000e36a940:   000070000e36a900 000000078010b9e0
0x000070000e36a950:   0000000000000000 0000000000000000
0x000070000e36a960:   000000078010b9e0 00007f90a4a69000
0x000070000e36a970:   000070000e36a9c0 0000000121d5a0fd
0x000070000e36a980:   000000078010d948 000000011aaa8ff4
0x000070000e36a990:   0000000000000000 0000000780004fd8
0x000070000e36a9a0:   00000001608f3a78 0000000000000000
0x000070000e36a9b0:   000000078010d990 00000000f06c8324
0x000070000e36a9c0:   00000000f0021b29 0000000121dd03b0
0x000070000e36a9d0:   000000078010d948 0000002000000000
0x000070000e36a9e0:   000000078010b9e0 000000078010b9e0
0x000070000e36a9f0:   000000012f2c8520 0000000000000000
0x000070000e36aa00:   000070000e36aa30 000070000e36aa88
0x000070000e36aa10:   0000000000000001 0000000000000000
0x000070000e36aa20:   000070000e36aa88 000000011a1bedf0
0x000070000e36aa30:   000000078010b9e0 000000078010b9e0
0x000070000e36aa40:   000070000e36aa40 0000000119387fc3
0x000070000e36aa50:   000070000e36aa98 00000001194619f8
0x000070000e36aa60:   0000000000000000 00000007800f48d0
0x000070000e36aa70:   0000000119387fe0 000070000e36aa38
0x000070000e36aa80:   000070000e36aa98 000070000e36ab00
0x000070000e36aa90:   000000011a1b3849 000000078010b868
0x000070000e36aaa0:   0000700000001fa0 000070000e36acd8
0x000070000e36aab0:   000070000e36adb0 0000000119387fe0
0x000070000e36aac0:   00007f90a4a69000 0000000000000001
0x000070000e36aad0:   000070000e36ab60 000070000e36adb8 

Instructions: (pc=0x0000000119e23b1b)
0x0000000119e23afb:   c3 55 48 89 e5 41 57 41 56 41 55 41 54 53 50 49
0x0000000119e23b0b:   89 ff 48 85 f6 74 57 4c 8b 6e 10 4d 85 ed 74 57
0x0000000119e23b1b:   49 8b 5d 00 31 c0 e8 2e da 02 00 49 89 c6 48 8b
0x0000000119e23b2b:   3b 48 8b 35 5d 54 05 00 ff 15 ef 89 04 00 48 85 


---------------  P R O C E S S  ---------------

Threads class SMR info:
_java_thread_list=0x00007f90a440a800, length=18, elements={
0x00007f90a482b000, 0x00007f90a4823000, 0x00007f90a4825000, 0x00007f90a4834000,
0x00007f90a4835000, 0x00007f90a4836000, 0x00007f90a5835800, 0x00007f90a605d800,
0x00007f90a4832000, 0x00007f90a609c800, 0x00007f90a609b800, 0x00007f90a62a7000,
0x00007f90a50ee000, 0x00007f90a48b8000, 0x00007f90a4a69000, 0x00007f90a4b0d800,
0x00007f90a4e63000, 0x00007f90a4804000
}

Java Threads: ( => current thread )
  0x00007f90a482b000 JavaThread "Reference Handler" daemon [_thread_blocked, id=13827, stack(0x000070000d235000,0x000070000d335000)]
  0x00007f90a4823000 JavaThread "Finalizer" daemon [_thread_blocked, id=14595, stack(0x000070000d338000,0x000070000d438000)]
  0x00007f90a4825000 JavaThread "Signal Dispatcher" daemon [_thread_blocked, id=18951, stack(0x000070000d43b000,0x000070000d53b000)]
  0x00007f90a4834000 JavaThread "C2 CompilerThread0" daemon [_thread_in_native, id=17155, stack(0x000070000d53e000,0x000070000d63e000)]
  0x00007f90a4835000 JavaThread "C1 CompilerThread0" daemon [_thread_blocked, id=16387, stack(0x000070000d641000,0x000070000d741000)]
  0x00007f90a4836000 JavaThread "Sweeper thread" daemon [_thread_blocked, id=43267, stack(0x000070000d744000,0x000070000d844000)]
  0x00007f90a5835800 JavaThread "JDWP Transport Listener: dt_socket" daemon [_thread_blocked, id=42755, stack(0x000070000d847000,0x000070000d947000)]
  0x00007f90a605d800 JavaThread "JDWP Event Helper Thread" daemon [_thread_blocked, id=22787, stack(0x000070000d94a000,0x000070000da4a000)]
  0x00007f90a4832000 JavaThread "JDWP Command Reader" daemon [_thread_in_native, id=23043, stack(0x000070000da4d000,0x000070000db4d000)]
  0x00007f90a609c800 JavaThread "Service Thread" daemon [_thread_blocked, id=41475, stack(0x000070000db50000,0x000070000dc50000)]
  0x00007f90a609b800 JavaThread "Common-Cleaner" daemon [_thread_blocked, id=40451, stack(0x000070000dd56000,0x000070000de56000)]
  0x00007f90a62a7000 JavaThread "TimerQueue" daemon [_thread_blocked, id=39175, stack(0x000070000de59000,0x000070000df59000)]
  0x00007f90a50ee000 JavaThread "AppKit Thread" daemon [_thread_in_native, id=775, stack(0x00007ffee11b6000,0x00007ffee19b6000)]
  0x00007f90a48b8000 JavaThread "AWT-Shutdown" [_thread_blocked, id=28419, stack(0x000070000dfdf000,0x000070000e0df000)]
=>0x00007f90a4a69000 JavaThread "Java2D Queue Flusher" daemon [_thread_in_native, id=54275, stack(0x000070000e26b000,0x000070000e36b000)]
  0x00007f90a4b0d800 JavaThread "Java2D Disposer" daemon [_thread_blocked, id=74499, stack(0x000070000e36e000,0x000070000e46e000)]
  0x00007f90a4e63000 JavaThread "AWT-EventQueue-0" [_thread_blocked, id=59651, stack(0x000070000e574000,0x000070000e674000)]
  0x00007f90a4804000 JavaThread "DestroyJavaVM" [_thread_blocked, id=9475, stack(0x000000010e281000,0x000000010e381000)]

Other Threads:
  0x00007f90a4818000 VMThread "VM Thread" [stack: 0x000070000d132000,0x000070000d232000] [id=13571]
  0x00007f90a5070800 WatcherThread [stack: 0x000070000dc53000,0x000070000dd53000] [id=40963]
  0x00007f90a6013000 GCTaskThread "GC Thread#0" [stack: 0x000070000cc23000,0x000070000cd23000] [id=11779]
  0x00007f90a53e9000 GCTaskThread "GC Thread#1" [stack: 0x000070000e677000,0x000070000e777000] [id=69935]
  0x00007f90a53ea000 GCTaskThread "GC Thread#2" [stack: 0x000070000e77a000,0x000070000e87a000] [id=62479]
  0x00007f90a53ea800 GCTaskThread "GC Thread#3" [stack: 0x000070000e87d000,0x000070000e97d000] [id=62219]
  0x00007f90a6043800 ConcurrentGCThread "G1 Main Marker" [stack: 0x000070000cd26000,0x000070000ce26000] [id=12035]
  0x00007f90a6044800 ConcurrentGCThread "G1 Conc#0" [stack: 0x000070000ce29000,0x000070000cf29000] [id=12547]
  0x00007f90a5045000 ConcurrentGCThread "G1 Refine#0" [stack: 0x000070000cf2c000,0x000070000d02c000] [id=13059]
  0x00007f90a5980800 ConcurrentGCThread "G1 Refine#1" [stack: 0x000070000e980000,0x000070000ea80000] [id=63083]
  0x00007f90a5046000 ConcurrentGCThread "G1 Young RemSet Sampling" [stack: 0x000070000d02f000,0x000070000d12f000] [id=20227]

Threads with active compile tasks:
C2 CompilerThread02145   !   4       sun.awt.PostEventQueue::flush (168 bytes)

VM state:not at safepoint (normal execution)

VM Mutex/Monitor currently owned by a thread: None

Heap address: 0x0000000780000000, size: 2048 MB, Compressed Oops mode: Zero based, Oop shift amount: 3
Narrow klass base: 0x0000000800000000, Narrow klass shift: 0
Compressed class space size: 1073741824 Address: 0x0000000800000000

Heap:
 garbage-first heap   total 131072K, used 15515K [0x0000000780000000, 0x0000000800000000)
  region size 1024K, 2 young (2048K), 1 survivors (1024K)
 Metaspace       used 16673K, capacity 17133K, committed 17408K, reserved 1064960K
  class space    used 1739K, capacity 1952K, committed 2048K, reserved 1048576K
Heap Regions: E=young(eden), S=young(survivor), O=old, HS=humongous(starts), HC=humongous(continues), CS=collection set, F=free, A=archive, TAMS=top-at-mark-start (previous, next)
|   0|0x0000000780000000, 0x0000000780100000, 0x0000000780100000|100%| O|  |TAMS 0x0000000780000000, 0x0000000780000000| Untracked 
|   1|0x0000000780100000, 0x0000000780200000, 0x0000000780200000|100%| O|  |TAMS 0x0000000780100000, 0x0000000780100000| Untracked 
|   2|0x0000000780200000, 0x0000000780300000, 0x0000000780300000|100%| O|  |TAMS 0x0000000780200000, 0x0000000780200000| Untracked 
|   3|0x0000000780300000, 0x0000000780304200, 0x0000000780400000|  1%| O|  |TAMS 0x0000000780300000, 0x0000000780300000| Untracked 
|   4|0x0000000780400000, 0x0000000780500000, 0x0000000780500000|100%|HS|  |TAMS 0x0000000780400000, 0x0000000780400000| Complete 
|   5|0x0000000780500000, 0x0000000780600000, 0x0000000780600000|100%|HC|  |TAMS 0x0000000780500000, 0x0000000780500000| Complete 
|   6|0x0000000780600000, 0x0000000780700000, 0x0000000780700000|100%|HC|  |TAMS 0x0000000780600000, 0x0000000780600000| Complete 
|   7|0x0000000780700000, 0x0000000780800000, 0x0000000780800000|100%|HC|  |TAMS 0x0000000780700000, 0x0000000780700000| Complete 
|   8|0x0000000780800000, 0x0000000780900000, 0x0000000780900000|100%|HS|  |TAMS 0x0000000780800000, 0x0000000780800000| Complete 
|   9|0x0000000780900000, 0x0000000780a00000, 0x0000000780a00000|100%|HC|  |TAMS 0x0000000780900000, 0x0000000780900000| Complete 
|  10|0x0000000780a00000, 0x0000000780b00000, 0x0000000780b00000|100%|HC|  |TAMS 0x0000000780a00000, 0x0000000780a00000| Complete 
|  11|0x0000000780b00000, 0x0000000780c00000, 0x0000000780c00000|100%|HC|  |TAMS 0x0000000780b00000, 0x0000000780b00000| Complete 
|  12|0x0000000780c00000, 0x0000000780d00000, 0x0000000780d00000|100%|HS|  |TAMS 0x0000000780c00000, 0x0000000780c00000| Complete 
|  13|0x0000000780d00000, 0x0000000780e00000, 0x0000000780e00000|100%|HC|  |TAMS 0x0000000780d00000, 0x0000000780d00000| Complete 
|  14|0x0000000780e00000, 0x0000000780f00000, 0x0000000780f00000|100%|HC|  |TAMS 0x0000000780e00000, 0x0000000780e00000| Complete 
|  15|0x0000000780f00000, 0x0000000781000000, 0x0000000781000000|100%|HC|  |TAMS 0x0000000780f00000, 0x0000000780f00000| Complete 
|  16|0x0000000781000000, 0x0000000781000000, 0x0000000781100000|  0%| F|  |TAMS 0x0000000781000000, 0x0000000781000000| Untracked 
|  17|0x0000000781100000, 0x0000000781100000, 0x0000000781200000|  0%| F|  |TAMS 0x0000000781100000, 0x0000000781100000| Untracked 
|  18|0x0000000781200000, 0x0000000781200000, 0x0000000781300000|  0%| F|  |TAMS 0x0000000781200000, 0x0000000781200000| Untracked 
|  19|0x0000000781300000, 0x0000000781300000, 0x0000000781400000|  0%| F|  |TAMS 0x0000000781300000, 0x0000000781300000| Untracked 
|  20|0x0000000781400000, 0x0000000781400000, 0x0000000781500000|  0%| F|  |TAMS 0x0000000781400000, 0x0000000781400000| Untracked 
|  21|0x0000000781500000, 0x0000000781500000, 0x0000000781600000|  0%| F|  |TAMS 0x0000000781500000, 0x0000000781500000| Untracked 
|  22|0x0000000781600000, 0x0000000781600000, 0x0000000781700000|  0%| F|  |TAMS 0x0000000781600000, 0x0000000781600000| Untracked 
|  23|0x0000000781700000, 0x0000000781700000, 0x0000000781800000|  0%| F|  |TAMS 0x0000000781700000, 0x0000000781700000| Untracked 
|  24|0x0000000781800000, 0x0000000781800000, 0x0000000781900000|  0%| F|  |TAMS 0x0000000781800000, 0x0000000781800000| Untracked 
|  25|0x0000000781900000, 0x0000000781900000, 0x0000000781a00000|  0%| F|  |TAMS 0x0000000781900000, 0x0000000781900000| Untracked 
|  26|0x0000000781a00000, 0x0000000781a00000, 0x0000000781b00000|  0%| F|  |TAMS 0x0000000781a00000, 0x0000000781a00000| Untracked 
|  27|0x0000000781b00000, 0x0000000781b00000, 0x0000000781c00000|  0%| F|  |TAMS 0x0000000781b00000, 0x0000000781b00000| Untracked 
|  28|0x0000000781c00000, 0x0000000781c00000, 0x0000000781d00000|  0%| F|  |TAMS 0x0000000781c00000, 0x0000000781c00000| Untracked 
|  29|0x0000000781d00000, 0x0000000781d00000, 0x0000000781e00000|  0%| F|  |TAMS 0x0000000781d00000, 0x0000000781d00000| Untracked 
|  30|0x0000000781e00000, 0x0000000781e00000, 0x0000000781f00000|  0%| F|  |TAMS 0x0000000781e00000, 0x0000000781e00000| Untracked 
|  31|0x0000000781f00000, 0x0000000781f00000, 0x0000000782000000|  0%| F|  |TAMS 0x0000000781f00000, 0x0000000781f00000| Untracked 
|  32|0x0000000782000000, 0x0000000782000000, 0x0000000782100000|  0%| F|  |TAMS 0x0000000782000000, 0x0000000782000000| Untracked 
|  33|0x0000000782100000, 0x0000000782100000, 0x0000000782200000|  0%| F|  |TAMS 0x0000000782100000, 0x0000000782100000| Untracked 
|  34|0x0000000782200000, 0x0000000782200000, 0x0000000782300000|  0%| F|  |TAMS 0x0000000782200000, 0x0000000782200000| Untracked 
|  35|0x0000000782300000, 0x0000000782300000, 0x0000000782400000|  0%| F|  |TAMS 0x0000000782300000, 0x0000000782300000| Untracked 
|  36|0x0000000782400000, 0x0000000782400000, 0x0000000782500000|  0%| F|  |TAMS 0x0000000782400000, 0x0000000782400000| Untracked 
|  37|0x0000000782500000, 0x0000000782500000, 0x0000000782600000|  0%| F|  |TAMS 0x0000000782500000, 0x0000000782500000| Untracked 
|  38|0x0000000782600000, 0x0000000782600000, 0x0000000782700000|  0%| F|  |TAMS 0x0000000782600000, 0x0000000782600000| Untracked 
|  39|0x0000000782700000, 0x0000000782700000, 0x0000000782800000|  0%| F|  |TAMS 0x0000000782700000, 0x0000000782700000| Untracked 
|  40|0x0000000782800000, 0x0000000782800000, 0x0000000782900000|  0%| F|  |TAMS 0x0000000782800000, 0x0000000782800000| Untracked 
|  41|0x0000000782900000, 0x0000000782900000, 0x0000000782a00000|  0%| F|  |TAMS 0x0000000782900000, 0x0000000782900000| Untracked 
|  42|0x0000000782a00000, 0x0000000782a00000, 0x0000000782b00000|  0%| F|  |TAMS 0x0000000782a00000, 0x0000000782a00000| Untracked 
|  43|0x0000000782b00000, 0x0000000782b00000, 0x0000000782c00000|  0%| F|  |TAMS 0x0000000782b00000, 0x0000000782b00000| Untracked 
|  44|0x0000000782c00000, 0x0000000782c00000, 0x0000000782d00000|  0%| F|  |TAMS 0x0000000782c00000, 0x0000000782c00000| Untracked 
|  45|0x0000000782d00000, 0x0000000782d00000, 0x0000000782e00000|  0%| F|  |TAMS 0x0000000782d00000, 0x0000000782d00000| Untracked 
|  46|0x0000000782e00000, 0x0000000782e00000, 0x0000000782f00000|  0%| F|  |TAMS 0x0000000782e00000, 0x0000000782e00000| Untracked 
|  47|0x0000000782f00000, 0x0000000782f00000, 0x0000000783000000|  0%| F|  |TAMS 0x0000000782f00000, 0x0000000782f00000| Untracked 
|  48|0x0000000783000000, 0x0000000783000000, 0x0000000783100000|  0%| F|  |TAMS 0x0000000783000000, 0x0000000783000000| Untracked 
|  49|0x0000000783100000, 0x0000000783100000, 0x0000000783200000|  0%| F|  |TAMS 0x0000000783100000, 0x0000000783100000| Untracked 
|  50|0x0000000783200000, 0x0000000783200000, 0x0000000783300000|  0%| F|  |TAMS 0x0000000783200000, 0x0000000783200000| Untracked 
|  51|0x0000000783300000, 0x0000000783322ba8, 0x0000000783400000| 13%| S|CS|TAMS 0x0000000783300000, 0x0000000783300000| Complete 
|  52|0x0000000783400000, 0x0000000783400000, 0x0000000783500000|  0%| F|  |TAMS 0x0000000783400000, 0x0000000783400000| Untracked 
|  53|0x0000000783500000, 0x0000000783500000, 0x0000000783600000|  0%| F|  |TAMS 0x0000000783500000, 0x0000000783500000| Untracked 
|  54|0x0000000783600000, 0x0000000783600000, 0x0000000783700000|  0%| F|  |TAMS 0x0000000783600000, 0x0000000783600000| Untracked 
|  55|0x0000000783700000, 0x0000000783700000, 0x0000000783800000|  0%| F|  |TAMS 0x0000000783700000, 0x0000000783700000| Untracked 
|  56|0x0000000783800000, 0x0000000783800000, 0x0000000783900000|  0%| F|  |TAMS 0x0000000783800000, 0x0000000783800000| Untracked 
|  57|0x0000000783900000, 0x0000000783900000, 0x0000000783a00000|  0%| F|  |TAMS 0x0000000783900000, 0x0000000783900000| Untracked 
|  58|0x0000000783a00000, 0x0000000783a00000, 0x0000000783b00000|  0%| F|  |TAMS 0x0000000783a00000, 0x0000000783a00000| Untracked 
|  59|0x0000000783b00000, 0x0000000783b00000, 0x0000000783c00000|  0%| F|  |TAMS 0x0000000783b00000, 0x0000000783b00000| Untracked 
|  60|0x0000000783c00000, 0x0000000783c00000, 0x0000000783d00000|  0%| F|  |TAMS 0x0000000783c00000, 0x0000000783c00000| Untracked 
|  61|0x0000000783d00000, 0x0000000783d00000, 0x0000000783e00000|  0%| F|  |TAMS 0x0000000783d00000, 0x0000000783d00000| Untracked 
|  62|0x0000000783e00000, 0x0000000783e00000, 0x0000000783f00000|  0%| F|  |TAMS 0x0000000783e00000, 0x0000000783e00000| Untracked 
|  63|0x0000000783f00000, 0x0000000783f00000, 0x0000000784000000|  0%| F|  |TAMS 0x0000000783f00000, 0x0000000783f00000| Untracked 
|  64|0x0000000784000000, 0x0000000784000000, 0x0000000784100000|  0%| F|  |TAMS 0x0000000784000000, 0x0000000784000000| Untracked 
|  65|0x0000000784100000, 0x0000000784100000, 0x0000000784200000|  0%| F|  |TAMS 0x0000000784100000, 0x0000000784100000| Untracked 
|  66|0x0000000784200000, 0x0000000784200000, 0x0000000784300000|  0%| F|  |TAMS 0x0000000784200000, 0x0000000784200000| Untracked 
|  67|0x0000000784300000, 0x0000000784300000, 0x0000000784400000|  0%| F|  |TAMS 0x0000000784300000, 0x0000000784300000| Untracked 
|  68|0x0000000784400000, 0x0000000784400000, 0x0000000784500000|  0%| F|  |TAMS 0x0000000784400000, 0x0000000784400000| Untracked 
|  69|0x0000000784500000, 0x0000000784500000, 0x0000000784600000|  0%| F|  |TAMS 0x0000000784500000, 0x0000000784500000| Untracked 
|  70|0x0000000784600000, 0x0000000784600000, 0x0000000784700000|  0%| F|  |TAMS 0x0000000784600000, 0x0000000784600000| Untracked 
|  71|0x0000000784700000, 0x0000000784700000, 0x0000000784800000|  0%| F|  |TAMS 0x0000000784700000, 0x0000000784700000| Untracked 
|  72|0x0000000784800000, 0x0000000784800000, 0x0000000784900000|  0%| F|  |TAMS 0x0000000784800000, 0x0000000784800000| Untracked 
|  73|0x0000000784900000, 0x0000000784900000, 0x0000000784a00000|  0%| F|  |TAMS 0x0000000784900000, 0x0000000784900000| Untracked 
|  74|0x0000000784a00000, 0x0000000784a00000, 0x0000000784b00000|  0%| F|  |TAMS 0x0000000784a00000, 0x0000000784a00000| Untracked 
|  75|0x0000000784b00000, 0x0000000784b00000, 0x0000000784c00000|  0%| F|  |TAMS 0x0000000784b00000, 0x0000000784b00000| Untracked 
|  76|0x0000000784c00000, 0x0000000784c00000, 0x0000000784d00000|  0%| F|  |TAMS 0x0000000784c00000, 0x0000000784c00000| Untracked 
|  77|0x0000000784d00000, 0x0000000784d00000, 0x0000000784e00000|  0%| F|  |TAMS 0x0000000784d00000, 0x0000000784d00000| Untracked 
|  78|0x0000000784e00000, 0x0000000784e00000, 0x0000000784f00000|  0%| F|  |TAMS 0x0000000784e00000, 0x0000000784e00000| Untracked 
|  79|0x0000000784f00000, 0x0000000784f00000, 0x0000000785000000|  0%| F|  |TAMS 0x0000000784f00000, 0x0000000784f00000| Untracked 
|  80|0x0000000785000000, 0x0000000785000000, 0x0000000785100000|  0%| F|  |TAMS 0x0000000785000000, 0x0000000785000000| Untracked 
|  81|0x0000000785100000, 0x0000000785100000, 0x0000000785200000|  0%| F|  |TAMS 0x0000000785100000, 0x0000000785100000| Untracked 
|  82|0x0000000785200000, 0x0000000785200000, 0x0000000785300000|  0%| F|  |TAMS 0x0000000785200000, 0x0000000785200000| Untracked 
|  83|0x0000000785300000, 0x0000000785300000, 0x0000000785400000|  0%| F|  |TAMS 0x0000000785300000, 0x0000000785300000| Untracked 
|  84|0x0000000785400000, 0x0000000785400000, 0x0000000785500000|  0%| F|  |TAMS 0x0000000785400000, 0x0000000785400000| Untracked 
|  85|0x0000000785500000, 0x0000000785500000, 0x0000000785600000|  0%| F|  |TAMS 0x0000000785500000, 0x0000000785500000| Untracked 
|  86|0x0000000785600000, 0x0000000785600000, 0x0000000785700000|  0%| F|  |TAMS 0x0000000785600000, 0x0000000785600000| Untracked 
|  87|0x0000000785700000, 0x0000000785700000, 0x0000000785800000|  0%| F|  |TAMS 0x0000000785700000, 0x0000000785700000| Untracked 
|  88|0x0000000785800000, 0x0000000785800000, 0x0000000785900000|  0%| F|  |TAMS 0x0000000785800000, 0x0000000785800000| Untracked 
|  89|0x0000000785900000, 0x0000000785900000, 0x0000000785a00000|  0%| F|  |TAMS 0x0000000785900000, 0x0000000785900000| Untracked 
|  90|0x0000000785a00000, 0x0000000785a00000, 0x0000000785b00000|  0%| F|  |TAMS 0x0000000785a00000, 0x0000000785a00000| Untracked 
|  91|0x0000000785b00000, 0x0000000785b00000, 0x0000000785c00000|  0%| F|  |TAMS 0x0000000785b00000, 0x0000000785b00000| Untracked 
|  92|0x0000000785c00000, 0x0000000785c00000, 0x0000000785d00000|  0%| F|  |TAMS 0x0000000785c00000, 0x0000000785c00000| Untracked 
|  93|0x0000000785d00000, 0x0000000785d00000, 0x0000000785e00000|  0%| F|  |TAMS 0x0000000785d00000, 0x0000000785d00000| Untracked 
|  94|0x0000000785e00000, 0x0000000785e00000, 0x0000000785f00000|  0%| F|  |TAMS 0x0000000785e00000, 0x0000000785e00000| Untracked 
|  95|0x0000000785f00000, 0x0000000785f00000, 0x0000000786000000|  0%| F|  |TAMS 0x0000000785f00000, 0x0000000785f00000| Untracked 
|  96|0x0000000786000000, 0x0000000786000000, 0x0000000786100000|  0%| F|  |TAMS 0x0000000786000000, 0x0000000786000000| Untracked 
|  97|0x0000000786100000, 0x0000000786100000, 0x0000000786200000|  0%| F|  |TAMS 0x0000000786100000, 0x0000000786100000| Untracked 
|  98|0x0000000786200000, 0x0000000786200000, 0x0000000786300000|  0%| F|  |TAMS 0x0000000786200000, 0x0000000786200000| Untracked 
|  99|0x0000000786300000, 0x0000000786300000, 0x0000000786400000|  0%| F|  |TAMS 0x0000000786300000, 0x0000000786300000| Untracked 
| 100|0x0000000786400000, 0x0000000786400000, 0x0000000786500000|  0%| F|  |TAMS 0x0000000786400000, 0x0000000786400000| Untracked 
| 101|0x0000000786500000, 0x0000000786500000, 0x0000000786600000|  0%| F|  |TAMS 0x0000000786500000, 0x0000000786500000| Untracked 
| 102|0x0000000786600000, 0x0000000786600000, 0x0000000786700000|  0%| F|  |TAMS 0x0000000786600000, 0x0000000786600000| Untracked 
| 103|0x0000000786700000, 0x0000000786700000, 0x0000000786800000|  0%| F|  |TAMS 0x0000000786700000, 0x0000000786700000| Untracked 
| 104|0x0000000786800000, 0x0000000786800000, 0x0000000786900000|  0%| F|  |TAMS 0x0000000786800000, 0x0000000786800000| Untracked 
| 105|0x0000000786900000, 0x0000000786900000, 0x0000000786a00000|  0%| F|  |TAMS 0x0000000786900000, 0x0000000786900000| Untracked 
| 106|0x0000000786a00000, 0x0000000786a00000, 0x0000000786b00000|  0%| F|  |TAMS 0x0000000786a00000, 0x0000000786a00000| Untracked 
| 107|0x0000000786b00000, 0x0000000786b00000, 0x0000000786c00000|  0%| F|  |TAMS 0x0000000786b00000, 0x0000000786b00000| Untracked 
| 108|0x0000000786c00000, 0x0000000786c00000, 0x0000000786d00000|  0%| F|  |TAMS 0x0000000786c00000, 0x0000000786c00000| Untracked 
| 109|0x0000000786d00000, 0x0000000786d00000, 0x0000000786e00000|  0%| F|  |TAMS 0x0000000786d00000, 0x0000000786d00000| Untracked 
| 110|0x0000000786e00000, 0x0000000786e00000, 0x0000000786f00000|  0%| F|  |TAMS 0x0000000786e00000, 0x0000000786e00000| Untracked 
| 111|0x0000000786f00000, 0x0000000786f00000, 0x0000000787000000|  0%| F|  |TAMS 0x0000000786f00000, 0x0000000786f00000| Untracked 
| 112|0x0000000787000000, 0x0000000787000000, 0x0000000787100000|  0%| F|  |TAMS 0x0000000787000000, 0x0000000787000000| Untracked 
| 113|0x0000000787100000, 0x0000000787100000, 0x0000000787200000|  0%| F|  |TAMS 0x0000000787100000, 0x0000000787100000| Untracked 
| 114|0x0000000787200000, 0x0000000787200000, 0x0000000787300000|  0%| F|  |TAMS 0x0000000787200000, 0x0000000787200000| Untracked 
| 115|0x0000000787300000, 0x0000000787300000, 0x0000000787400000|  0%| F|  |TAMS 0x0000000787300000, 0x0000000787300000| Untracked 
| 116|0x0000000787400000, 0x0000000787400000, 0x0000000787500000|  0%| F|  |TAMS 0x0000000787400000, 0x0000000787400000| Untracked 
| 117|0x0000000787500000, 0x0000000787500000, 0x0000000787600000|  0%| F|  |TAMS 0x0000000787500000, 0x0000000787500000| Untracked 
| 118|0x0000000787600000, 0x0000000787600000, 0x0000000787700000|  0%| F|  |TAMS 0x0000000787600000, 0x0000000787600000| Untracked 
| 119|0x0000000787700000, 0x0000000787700000, 0x0000000787800000|  0%| F|  |TAMS 0x0000000787700000, 0x0000000787700000| Untracked 
| 120|0x0000000787800000, 0x0000000787800000, 0x0000000787900000|  0%| F|  |TAMS 0x0000000787800000, 0x0000000787800000| Untracked 
| 121|0x0000000787900000, 0x0000000787900000, 0x0000000787a00000|  0%| F|  |TAMS 0x0000000787900000, 0x0000000787900000| Untracked 
| 122|0x0000000787a00000, 0x0000000787a00000, 0x0000000787b00000|  0%| F|  |TAMS 0x0000000787a00000, 0x0000000787a00000| Untracked 
| 123|0x0000000787b00000, 0x0000000787b00000, 0x0000000787c00000|  0%| F|  |TAMS 0x0000000787b00000, 0x0000000787b00000| Untracked 
| 124|0x0000000787c00000, 0x0000000787c00000, 0x0000000787d00000|  0%| F|  |TAMS 0x0000000787c00000, 0x0000000787c00000| Untracked 
| 125|0x0000000787d00000, 0x0000000787d00000, 0x0000000787e00000|  0%| F|  |TAMS 0x0000000787d00000, 0x0000000787d00000| Untracked 
| 126|0x0000000787e00000, 0x0000000787e00000, 0x0000000787f00000|  0%| F|  |TAMS 0x0000000787e00000, 0x0000000787e00000| Untracked 
| 127|0x0000000787f00000, 0x0000000787fcce58, 0x0000000788000000| 80%| E|  |TAMS 0x0000000787f00000, 0x0000000787f00000| Complete 

Card table byte_map: [0x00000001186c8000,0x0000000118ac8000] _byte_map_base: 0x0000000114ac8000

Marking Bits (Prev, Next): (CMBitMap*) 0x00007f90a603b218, (CMBitMap*) 0x00007f90a603b250
 Prev Bits: [0x00000001291b3000, 0x000000012b1b3000)
 Next Bits: [0x000000012b1b3000, 0x000000012d1b3000)

Polling page: 0x000000010e3bd000

Metaspace:

Usage:
  Non-class:     14.83 MB capacity,    14.58 MB ( 98%) used,   197.23 KB (  1%) free+waste,    49.19 KB ( <1%) overhead. 
      Class:      1.91 MB capacity,     1.70 MB ( 89%) used,   186.82 KB ( 10%) free+waste,    26.06 KB (  1%) overhead. 
       Both:     16.73 MB capacity,    16.28 MB ( 97%) used,   384.05 KB (  2%) free+waste,    75.25 KB ( <1%) overhead. 

Virtual space:
  Non-class space:       16.00 MB reserved,      15.00 MB ( 94%) committed 
      Class space:        1.00 GB reserved,       2.00 MB ( <1%) committed 
             Both:        1.02 GB reserved,      17.00 MB (  2%) committed 

Chunk freelists:
   Non-Class:  6.38 KB
       Class:  0 bytes
        Both:  6.38 KB

CodeHeap 'non-profiled nmethods': size=120032Kb used=1400Kb max_used=1400Kb free=118631Kb
 bounds [0x0000000121c7b000, 0x0000000121eeb000, 0x00000001291b3000]
CodeHeap 'profiled nmethods': size=120032Kb used=4675Kb max_used=4675Kb free=115356Kb
 bounds [0x000000011a743000, 0x000000011abe3000, 0x0000000121c7b000]
CodeHeap 'non-nmethods': size=5696Kb used=1297Kb max_used=1336Kb free=4398Kb
 bounds [0x000000011a1b3000, 0x000000011a423000, 0x000000011a743000]
 total_blobs=3306 nmethods=2143 adapters=537
 compilation: enabled
              stopped_count=0, restarted_count=0
 full_count=0

Compilation events (10 events):
Event: 137277.920 Thread 0x00007f90a4835000 2141  s    3       sun.font.CCharToGlyphMapper$Cache::get (74 bytes)
Event: 137277.922 Thread 0x00007f90a4835000 nmethod 2141 0x000000011abd2710 code [0x000000011abd2940, 0x000000011abd3438]
Event: 137278.025 Thread 0x00007f90a4835000 2143       3       sun.java2d.pipe.RenderQueue::ensureAlignment (28 bytes)
Event: 137278.026 Thread 0x00007f90a4835000 nmethod 2143 0x000000011abd3710 code [0x000000011abd38e0, 0x000000011abd3bf0]
Event: 137278.026 Thread 0x00007f90a4835000 2144       1       sun.font.GlyphList::usePositions (5 bytes)
Event: 137278.028 Thread 0x00007f90a4835000 nmethod 2144 0x0000000121dd4c10 code [0x0000000121dd4dc0, 0x0000000121dd4ed0]
Event: 137278.063 Thread 0x00007f90a4834000 nmethod 2139 0x0000000121dd4f90 code [0x0000000121dd52c0, 0x0000000121dd7ee0]
Event: 137278.063 Thread 0x00007f90a4834000 2142       4       java.lang.ref.SoftReference::get (29 bytes)
Event: 137278.067 Thread 0x00007f90a4834000 nmethod 2142 0x0000000121dd8f90 code [0x0000000121dd9120, 0x0000000121dd91f8]
Event: 137278.322 Thread 0x00007f90a4834000 2145   !   4       sun.awt.PostEventQueue::flush (168 bytes)

GC Heap History (8 events):
Event: 4.549 GC heap before
{Heap before GC invocations=0 (full 0):
 garbage-first heap   total 131072K, used 14336K [0x0000000780000000, 0x0000000800000000)
  region size 1024K, 14 young (14336K), 0 survivors (0K)
 Metaspace       used 15651K, capacity 16062K, committed 16256K, reserved 1062912K
  class space    used 1692K, capacity 1872K, committed 1920K, reserved 1048576K
}
Event: 4.567 GC heap after
{Heap after GC invocations=1 (full 0):
 garbage-first heap   total 131072K, used 3018K [0x0000000780000000, 0x0000000800000000)
  region size 1024K, 2 young (2048K), 2 survivors (2048K)
 Metaspace       used 15651K, capacity 16062K, committed 16256K, reserved 1062912K
  class space    used 1692K, capacity 1872K, committed 1920K, reserved 1048576K
}
Event: 839.521 GC heap before
{Heap before GC invocations=1 (full 0):
 garbage-first heap   total 131072K, used 7114K [0x0000000780000000, 0x0000000800000000)
  region size 1024K, 6 young (6144K), 2 survivors (2048K)
 Metaspace       used 15834K, capacity 16286K, committed 16512K, reserved 1064960K
  class space    used 1709K, capacity 1904K, committed 1920K, reserved 1048576K
}
Event: 839.534 GC heap after
{Heap after GC invocations=2 (full 0):
 garbage-first heap   total 131072K, used 3409K [0x0000000780000000, 0x0000000800000000)
  region size 1024K, 1 young (1024K), 1 survivors (1024K)
 Metaspace       used 15834K, capacity 16286K, committed 16512K, reserved 1064960K
  class space    used 1709K, capacity 1904K, committed 1920K, reserved 1048576K
}
Event: 841.505 GC heap before
{Heap before GC invocations=2 (full 0):
 garbage-first heap   total 131072K, used 20817K [0x0000000780000000, 0x0000000800000000)
  region size 1024K, 18 young (18432K), 1 survivors (1024K)
 Metaspace       used 16128K, capacity 16546K, committed 16768K, reserved 1064960K
  class space    used 1710K, capacity 1905K, committed 1920K, reserved 1048576K
}
Event: 841.507 GC heap after
{Heap after GC invocations=3 (full 0):
 garbage-first heap   total 131072K, used 3149K [0x0000000780000000, 0x0000000800000000)
  region size 1024K, 1 young (1024K), 1 survivors (1024K)
 Metaspace       used 16128K, capacity 16546K, committed 16768K, reserved 1064960K
  class space    used 1710K, capacity 1905K, committed 1920K, reserved 1048576K
}
Event: 137278.353 GC heap before
{Heap before GC invocations=3 (full 0):
 garbage-first heap   total 131072K, used 92237K [0x0000000780000000, 0x0000000800000000)
  region size 1024K, 76 young (77824K), 1 survivors (1024K)
 Metaspace       used 16673K, capacity 17133K, committed 17408K, reserved 1064960K
  class space    used 1739K, capacity 1952K, committed 2048K, reserved 1048576K
}
Event: 137278.366 GC heap after
{Heap after GC invocations=4 (full 0):
 garbage-first heap   total 131072K, used 15515K [0x0000000780000000, 0x0000000800000000)
  region size 1024K, 1 young (1024K), 1 survivors (1024K)
 Metaspace       used 16673K, capacity 17133K, committed 17408K, reserved 1064960K
  class space    used 1739K, capacity 1952K, committed 2048K, reserved 1048576K
}

Deoptimization events (10 events):
Event: 25064.799 Thread 0x00007f90a4e63000 Uncommon trap: reason=unstable_if action=reinterpret pc=0x0000000121d41240 method=sun.java2d.SunGraphics2D.invalidateTransform()V @ 37 c2
Event: 25064.799 Thread 0x00007f90a4e63000 Uncommon trap: reason=unstable_if action=reinterpret pc=0x0000000121ce0108 method=sun.java2d.SunGraphics2D.validateBasicStroke(Ljava/awt/BasicStroke;)V @ 19 c2
Event: 25064.800 Thread 0x00007f90a4e63000 Uncommon trap: reason=bimorphic_or_optimized_type_check action=maybe_recompile pc=0x0000000121d77660 method=acm.graphics.GObject.paint(Ljava/awt/Graphics;)V @ 15 c2
Event: 25064.819 Thread 0x00007f90a4e63000 Uncommon trap: reason=unstable_if action=reinterpret pc=0x0000000121d3fb7c method=sun.java2d.SunGraphics2D.invalidateTransform()V @ 37 c2
Event: 121548.420 Thread 0x00007f90a4e63000 Uncommon trap: reason=unstable_if action=reinterpret pc=0x0000000121d2cc1c method=sun.java2d.SunGraphics2D.invalidateTransform()V @ 37 c2
Event: 137277.453 Thread 0x00007f90a4e63000 Uncommon trap: reason=class_check action=maybe_recompile pc=0x0000000121d72fb8 method=java.util.HashMap.getNode(ILjava/lang/Object;)Ljava/util/HashMap$Node; @ 126 c2
Event: 137277.453 Thread 0x00007f90a4e63000 Uncommon trap: reason=class_check action=maybe_recompile pc=0x0000000121d72fb8 method=java.util.HashMap.getNode(ILjava/lang/Object;)Ljava/util/HashMap$Node; @ 126 c2
Event: 137277.508 Thread 0x00007f90a4e63000 Uncommon trap: reason=class_check action=maybe_recompile pc=0x0000000121d72fb8 method=java.util.HashMap.getNode(ILjava/lang/Object;)Ljava/util/HashMap$Node; @ 126 c2
Event: 137277.509 Thread 0x00007f90a4e63000 Uncommon trap: reason=bimorphic_or_optimized_type_check action=maybe_recompile pc=0x0000000121ce3894 method=java.util.HashMap.getNode(ILjava/lang/Object;)Ljava/util/HashMap$Node; @ 59 c2
Event: 137277.509 Thread 0x00007f90a4e63000 Uncommon trap: reason=bimorphic_or_optimized_type_check action=maybe_recompile pc=0x0000000121ce3894 method=java.util.HashMap.getNode(ILjava/lang/Object;)Ljava/util/HashMap$Node; @ 59 c2

Classes redefined (0 events):
No events

Internal exceptions (10 events):
Event: 2.159 Thread 0x00007f90a4804000 Exception <a 'java/lang/NoSuchMethodError'{0x000000078753c1e0}: java.lang.invoke.DirectMethodHandle$Holder.invokeStatic(Ljava/lang/Object;J)Ljava/lang/Object;> (0x000000078753c1e0) thrown at [/scratch/mesos/slaves/83bb4d84-382c-4ead-b585-d8ef0018fefe-S193
Event: 2.165 Thread 0x00007f90a4804000 Exception <a 'java/lang/NoSuchMethodError'{0x00000007875dae00}: java.lang.invoke.Invokers$Holder.linkToTargetMethod(Ljava/lang/Object;ILjava/lang/Object;)Ljava/lang/Object;> (0x00000007875dae00) thrown at [/scratch/mesos/slaves/83bb4d84-382c-4ead-b585-d8e
Event: 2.202 Thread 0x00007f90a4804000 Exception <a 'java/lang/NoSuchMethodError'{0x00000007875e6bc8}: java.lang.invoke.DirectMethodHandle$Holder.invokeSpecial(Ljava/lang/Object;Ljava/lang/Object;Ljava/lang/Object;J)V> (0x00000007875e6bc8) thrown at [/scratch/mesos/slaves/83bb4d84-382c-4ead-b5
Event: 2.205 Thread 0x00007f90a4804000 Exception <a 'java/lang/NoSuchMethodError'{0x00000007875f3cd8}: java.lang.invoke.DirectMethodHandle$Holder.invokeStatic(Ljava/lang/Object;Ljava/lang/Object;Ljava/lang/Object;III)Ljava/lang/Object;> (0x00000007875f3cd8) thrown at [/scratch/mesos/slaves/83b
Event: 2.210 Thread 0x00007f90a4804000 Exception <a 'java/lang/NoSuchMethodError'{0x00000007875fa868}: java.lang.invoke.Invokers$Holder.linkToTargetMethod(Ljava/lang/Object;Ljava/lang/Object;IIILjava/lang/Object;)Ljava/lang/Object;> (0x00000007875fa868) thrown at [/scratch/mesos/slaves/83bb4d8
Event: 851.299 Thread 0x00007f90a4804000 Exception <a 'java/lang/NoSuchMethodError'{0x00000007837e29f8}: java.lang.invoke.DirectMethodHandle$Holder.invokeStatic(Ljava/lang/Object;Ljava/lang/Object;Ljava/lang/Object;Ljava/lang/Object;Ljava/lang/Object;Ljava/lang/Object;Ljava/lang/Object;Ljava/lan
Event: 851.302 Thread 0x00007f90a4804000 Exception <a 'java/lang/NoSuchMethodError'{0x0000000783681348}: java.lang.invoke.DirectMethodHandle$Holder.invokeStatic(Ljava/lang/Object;Ljava/lang/Object;Ljava/lang/Object;Ljava/lang/Object;Ljava/lang/Object;Ljava/lang/Object;Ljava/lang/Object;Ljava/lan
Event: 851.304 Thread 0x00007f90a4804000 Exception <a 'java/lang/NoSuchMethodError'{0x00000007836a00d0}: java.lang.invoke.DirectMethodHandle$Holder.invokeStatic(Ljava/lang/Object;Ljava/lang/Object;Ljava/lang/Object;Ljava/lang/Object;Ljava/lang/Object;Ljava/lang/Object;Ljava/lang/Object;Ljava/lan
Event: 851.306 Thread 0x00007f90a4804000 Exception <a 'java/lang/NoSuchMethodError'{0x00000007836c0580}: java.lang.invoke.DirectMethodHandle$Holder.invokeStatic(Ljava/lang/Object;Ljava/lang/Object;Ljava/lang/Object;Ljava/lang/Object;Ljava/lang/Object;Ljava/lang/Object;Ljava/lang/Object;Ljava/lan
Event: 851.318 Thread 0x00007f90a4804000 Implicit null exception at 0x0000000121d68e48 to 0x0000000121d6a17e

Events (10 events):
Event: 137277.508 Thread 0x00007f90a4e63000 DEOPT PACKING pc=0x0000000121d72fb8 sp=0x000070000e66fbe0
Event: 137277.508 Thread 0x00007f90a4e63000 DEOPT UNPACKING pc=0x000000011a1ec1a5 sp=0x000070000e66fb48 mode 2
Event: 137277.509 Thread 0x00007f90a4e63000 Uncommon trap: trap_request=0xffffffc6 fr.pc=0x0000000121ce3894 relative=0x0000000000000334
Event: 137277.509 Thread 0x00007f90a4e63000 DEOPT PACKING pc=0x0000000121ce3894 sp=0x000070000e66f9d0
Event: 137277.509 Thread 0x00007f90a4e63000 DEOPT UNPACKING pc=0x000000011a1ec1a5 sp=0x000070000e66f9a0 mode 2
Event: 137277.509 Thread 0x00007f90a4e63000 Uncommon trap: trap_request=0xffffffc6 fr.pc=0x0000000121ce3894 relative=0x0000000000000334
Event: 137277.509 Thread 0x00007f90a4e63000 DEOPT PACKING pc=0x0000000121ce3894 sp=0x000070000e66f8b0
Event: 137277.509 Thread 0x00007f90a4e63000 DEOPT UNPACKING pc=0x000000011a1ec1a5 sp=0x000070000e66f880 mode 2
Event: 137278.352 Executing VM operation: G1CollectForAllocation
Event: 137278.366 Executing VM operation: G1CollectForAllocation done


Dynamic libraries:
0x00007fff4be73000 	/System/Library/Frameworks/Cocoa.framework/Versions/A/Cocoa
0x00007fff5848e000 	/System/Library/Frameworks/Security.framework/Versions/A/Security
0x00007fff4aab5000 	/System/Library/Frameworks/ApplicationServices.framework/Versions/A/ApplicationServices
0x00007fff742e6000 	/usr/lib/libz.1.dylib
0x00007fff72217000 	/usr/lib/libSystem.B.dylib
0x00007fff4c626000 	/System/Library/Frameworks/CoreFoundation.framework/Versions/A/CoreFoundation
0x00007fff4e787000 	/System/Library/Frameworks/Foundation.framework/Versions/C/Foundation
0x00007fff738d0000 	/usr/lib/libobjc.A.dylib
0x00007fff49c05000 	/System/Library/Frameworks/AppKit.framework/Versions/C/AppKit
0x00007fff4c1eb000 	/System/Library/Frameworks/CoreData.framework/Versions/A/CoreData
0x00007fff6bb57000 	/System/Library/PrivateFrameworks/RemoteViewServices.framework/Versions/A/RemoteViewServices
0x00007fff702bc000 	/System/Library/PrivateFrameworks/UIFoundation.framework/Versions/A/UIFoundation
0x00007fff60956000 	/System/Library/PrivateFrameworks/DFRFoundation.framework/Versions/A/DFRFoundation
0x00007fff50df3000 	/System/Library/Frameworks/Metal.framework/Versions/A/Metal
0x00007fff60af3000 	/System/Library/PrivateFrameworks/DesktopServicesPriv.framework/Versions/A/DesktopServicesPriv
0x00007fff72e1d000 	/usr/lib/libenergytrace.dylib
0x00007fff6e327000 	/System/Library/PrivateFrameworks/SkyLight.framework/Versions/A/SkyLight
0x00007fff4cac9000 	/System/Library/Frameworks/CoreGraphics.framework/Versions/A/CoreGraphics
0x00007fff72212000 	/usr/lib/libScreenReader.dylib
0x00007fff48b9f000 	/System/Library/Frameworks/Accelerate.framework/Versions/A/Accelerate
0x00007fff4ef01000 	/System/Library/Frameworks/IOSurface.framework/Versions/A/IOSurface
0x00007fff4afff000 	/System/Library/Frameworks/AudioToolbox.framework/Versions/A/AudioToolbox
0x00007fff4b28f000 	/System/Library/Frameworks/AudioUnit.framework/Versions/A/AudioUnit
0x00007fff609ee000 	/System/Library/PrivateFrameworks/DataDetectorsCore.framework/Versions/A/DataDetectorsCore
0x00007fff4b966000 	/System/Library/Frameworks/Carbon.framework/Versions/A/Frameworks/HIToolbox.framework/Versions/A/HIToolbox
0x00007fff72f77000 	/usr/lib/libicucore.A.dylib
0x00007fff57a0b000 	/System/Library/Frameworks/QuartzCore.framework/Versions/A/QuartzCore
0x00007fff6d5de000 	/System/Library/PrivateFrameworks/SignpostNotification.framework/Versions/A/SignpostNotification
0x00007fff4bd4c000 	/System/Library/Frameworks/Carbon.framework/Versions/A/Frameworks/SpeechRecognition.framework/Versions/A/SpeechRecognition
0x00007fff72373000 	/usr/lib/libauto.dylib
0x00007fff741d5000 	/usr/lib/libxml2.2.dylib
0x00007fff605a7000 	/System/Library/PrivateFrameworks/CoreUI.framework/Versions/A/CoreUI
0x00007fff4c0c7000 	/System/Library/Frameworks/CoreAudio.framework/Versions/A/CoreAudio
0x00007fff4e5c1000 	/System/Library/Frameworks/DiskArbitration.framework/Versions/A/DiskArbitration
0x00007fff731eb000 	/usr/lib/liblangid.dylib
0x00007fff68061000 	/System/Library/PrivateFrameworks/MultitouchSupport.framework/Versions/A/MultitouchSupport
0x00007fff4ee64000 	/System/Library/Frameworks/IOKit.framework/Versions/A/IOKit
0x00007fff71ea1000 	/usr/lib/libDiagnosticMessagesClient.dylib
0x00007fff4d79f000 	/System/Library/Frameworks/CoreServices.framework/Versions/A/CoreServices
0x00007fff69b93000 	/System/Library/PrivateFrameworks/PerformanceAnalysis.framework/Versions/A/PerformanceAnalysis
0x00007fff56bad000 	/System/Library/Frameworks/OpenGL.framework/Versions/A/OpenGL
0x00007fff4be81000 	/System/Library/Frameworks/ColorSync.framework/Versions/A/ColorSync
0x00007fff4d0db000 	/System/Library/Frameworks/CoreImage.framework/Versions/A/CoreImage
0x00007fff4e12f000 	/System/Library/Frameworks/CoreText.framework/Versions/A/CoreText
0x00007fff4ef5f000 	/System/Library/Frameworks/ImageIO.framework/Versions/A/ImageIO
0x00007fff5d29e000 	/System/Library/PrivateFrameworks/Backup.framework/Versions/A/Backup
0x00007fff722c3000 	/usr/lib/libarchive.2.dylib
0x00007fff4b5b2000 	/System/Library/Frameworks/CFNetwork.framework/Versions/A/CFNetwork
0x00007fff58c21000 	/System/Library/Frameworks/SystemConfiguration.framework/Versions/A/SystemConfiguration
0x00007fff71dca000 	/usr/lib/libCRFSuite.dylib
0x00007fff7244c000 	/usr/lib/libc++.1.dylib
0x00007fff724a3000 	/usr/lib/libc++abi.dylib
0x00007fff74394000 	/usr/lib/system/libcache.dylib
0x00007fff74399000 	/usr/lib/system/libcommonCrypto.dylib
0x00007fff743a4000 	/usr/lib/system/libcompiler_rt.dylib
0x00007fff743ac000 	/usr/lib/system/libcopyfile.dylib
0x00007fff743b6000 	/usr/lib/system/libcorecrypto.dylib
0x00007fff744c3000 	/usr/lib/system/libdispatch.dylib
0x00007fff744fd000 	/usr/lib/system/libdyld.dylib
0x00007fff7451b000 	/usr/lib/system/libkeymgr.dylib
0x00007fff74529000 	/usr/lib/system/liblaunch.dylib
0x00007fff7452a000 	/usr/lib/system/libmacho.dylib
0x00007fff7452f000 	/usr/lib/system/libquarantine.dylib
0x00007fff74532000 	/usr/lib/system/libremovefile.dylib
0x00007fff74534000 	/usr/lib/system/libsystem_asl.dylib
0x00007fff7454c000 	/usr/lib/system/libsystem_blocks.dylib
0x00007fff7454d000 	/usr/lib/system/libsystem_c.dylib
0x00007fff745d7000 	/usr/lib/system/libsystem_configuration.dylib
0x00007fff745db000 	/usr/lib/system/libsystem_coreservices.dylib
0x00007fff745df000 	/usr/lib/system/libsystem_darwin.dylib
0x00007fff745e1000 	/usr/lib/system/libsystem_dnssd.dylib
0x00007fff745e8000 	/usr/lib/system/libsystem_info.dylib
0x00007fff74659000 	/usr/lib/system/libsystem_m.dylib
0x00007fff746a5000 	/usr/lib/system/libsystem_malloc.dylib
0x00007fff746c5000 	/usr/lib/system/libsystem_network.dylib
0x00007fff747f6000 	/usr/lib/system/libsystem_networkextension.dylib
0x00007fff74801000 	/usr/lib/system/libsystem_notify.dylib
0x00007fff7481f000 	/usr/lib/system/libsystem_sandbox.dylib
0x00007fff74823000 	/usr/lib/system/libsystem_secinit.dylib
0x00007fff74632000 	/usr/lib/system/libsystem_kernel.dylib
0x00007fff7480b000 	/usr/lib/system/libsystem_platform.dylib
0x00007fff74813000 	/usr/lib/system/libsystem_pthread.dylib
0x00007fff74825000 	/usr/lib/system/libsystem_symptoms.dylib
0x00007fff7482d000 	/usr/lib/system/libsystem_trace.dylib
0x00007fff74842000 	/usr/lib/system/libunwind.dylib
0x00007fff74848000 	/usr/lib/system/libxpc.dylib
0x00007fff71cdd000 	/usr/lib/closure/libclosured.dylib
0x00007fff7242d000 	/usr/lib/libbsm.0.dylib
0x00007fff7451c000 	/usr/lib/system/libkxld.dylib
0x00007fff720db000 	/usr/lib/libOpenScriptingUtil.dylib
0x00007fff7279c000 	/usr/lib/libcoretls.dylib
0x00007fff727b5000 	/usr/lib/libcoretls_cfhelpers.dylib
0x00007fff73cd1000 	/usr/lib/libpam.2.dylib
0x00007fff73df8000 	/usr/lib/libsqlite3.dylib
0x00007fff741c4000 	/usr/lib/libxar.1.dylib
0x00007fff7243e000 	/usr/lib/libbz2.1.0.dylib
0x00007fff731ed000 	/usr/lib/liblzma.5.dylib
0x00007fff736ce000 	/usr/lib/libnetwork.dylib
0x00007fff722ac000 	/usr/lib/libapple_nghttp2.dylib
0x00007fff73cd8000 	/usr/lib/libpcap.A.dylib
0x00007fff72374000 	/usr/lib/libboringssl.dylib
0x00007fff7415f000 	/usr/lib/libusrtcp.dylib
0x00007fff722ab000 	/usr/lib/libapple_crypto.dylib
0x00007fff4db22000 	/System/Library/Frameworks/CoreServices.framework/Versions/A/Frameworks/FSEvents.framework/Versions/A/FSEvents
0x00007fff4d815000 	/System/Library/Frameworks/CoreServices.framework/Versions/A/Frameworks/CarbonCore.framework/Versions/A/CarbonCore
0x00007fff4dce9000 	/System/Library/Frameworks/CoreServices.framework/Versions/A/Frameworks/Metadata.framework/Versions/A/Metadata
0x00007fff4dd9a000 	/System/Library/Frameworks/CoreServices.framework/Versions/A/Frameworks/OSServices.framework/Versions/A/OSServices
0x00007fff4ddfb000 	/System/Library/Frameworks/CoreServices.framework/Versions/A/Frameworks/SearchKit.framework/Versions/A/SearchKit
0x00007fff4d7a0000 	/System/Library/Frameworks/CoreServices.framework/Versions/A/Frameworks/AE.framework/Versions/A/AE
0x00007fff4db2b000 	/System/Library/Frameworks/CoreServices.framework/Versions/A/Frameworks/LaunchServices.framework/Versions/A/LaunchServices
0x00007fff4daed000 	/System/Library/Frameworks/CoreServices.framework/Versions/A/Frameworks/DictionaryServices.framework/Versions/A/DictionaryServices
0x00007fff4de6a000 	/System/Library/Frameworks/CoreServices.framework/Versions/A/Frameworks/SharedFileList.framework/Versions/A/SharedFileList
0x00007fff52029000 	/System/Library/Frameworks/NetFS.framework/Versions/A/NetFS
0x00007fff682f2000 	/System/Library/PrivateFrameworks/NetAuth.framework/Versions/A/NetAuth
0x00007fff71b74000 	/System/Library/PrivateFrameworks/login.framework/Versions/A/Frameworks/loginsupport.framework/Versions/A/loginsupport
0x00007fff6ff39000 	/System/Library/PrivateFrameworks/TCC.framework/Versions/A/TCC
0x00007fff732ce000 	/usr/lib/libmecabra.dylib
0x00007fff4aab6000 	/System/Library/Frameworks/ApplicationServices.framework/Versions/A/Frameworks/ATS.framework/Versions/A/ATS
0x00007fff4ae64000 	/System/Library/Frameworks/ApplicationServices.framework/Versions/A/Frameworks/ColorSyncLegacy.framework/Versions/A/ColorSyncLegacy
0x00007fff4af08000 	/System/Library/Frameworks/ApplicationServices.framework/Versions/A/Frameworks/HIServices.framework/Versions/A/HIServices
0x00007fff4af5b000 	/System/Library/Frameworks/ApplicationServices.framework/Versions/A/Frameworks/LangAnalysis.framework/Versions/A/LangAnalysis
0x00007fff4af6a000 	/System/Library/Frameworks/ApplicationServices.framework/Versions/A/Frameworks/PrintCore.framework/Versions/A/PrintCore
0x00007fff4afb7000 	/System/Library/Frameworks/ApplicationServices.framework/Versions/A/Frameworks/QD.framework/Versions/A/QD
0x00007fff4aff2000 	/System/Library/Frameworks/ApplicationServices.framework/Versions/A/Frameworks/SpeechSynthesis.framework/Versions/A/SpeechSynthesis
0x00007fff4c542000 	/System/Library/Frameworks/CoreDisplay.framework/Versions/A/CoreDisplay
0x00007fff48bb7000 	/System/Library/Frameworks/Accelerate.framework/Versions/A/Frameworks/vImage.framework/Versions/A/vImage
0x00007fff49911000 	/System/Library/Frameworks/Accelerate.framework/Versions/A/Frameworks/vecLib.framework/Versions/A/vecLib
0x00007fff496b1000 	/System/Library/Frameworks/Accelerate.framework/Versions/A/Frameworks/vecLib.framework/Versions/A/libvDSP.dylib
0x00007fff49211000 	/System/Library/Frameworks/Accelerate.framework/Versions/A/Frameworks/vecLib.framework/Versions/A/libBNNS.dylib
0x00007fff49616000 	/System/Library/Frameworks/Accelerate.framework/Versions/A/Frameworks/vecLib.framework/Versions/A/libQuadrature.dylib
0x00007fff4985f000 	/System/Library/Frameworks/Accelerate.framework/Versions/A/Frameworks/vecLib.framework/Versions/A/libvMisc.dylib
0x00007fff49240000 	/System/Library/Frameworks/Accelerate.framework/Versions/A/Frameworks/vecLib.framework/Versions/A/libLAPACK.dylib
0x00007fff490b6000 	/System/Library/Frameworks/Accelerate.framework/Versions/A/Frameworks/vecLib.framework/Versions/A/libBLAS.dylib
0x00007fff49600000 	/System/Library/Frameworks/Accelerate.framework/Versions/A/Frameworks/vecLib.framework/Versions/A/libLinearAlgebra.dylib
0x00007fff4961c000 	/System/Library/Frameworks/Accelerate.framework/Versions/A/Frameworks/vecLib.framework/Versions/A/libSparse.dylib
0x00007fff4969d000 	/System/Library/Frameworks/Accelerate.framework/Versions/A/Frameworks/vecLib.framework/Versions/A/libSparseBLAS.dylib
0x00007fff65132000 	/System/Library/PrivateFrameworks/GPUWrangler.framework/Versions/A/GPUWrangler
0x00007fff668c3000 	/System/Library/PrivateFrameworks/IOAccelerator.framework/Versions/A/IOAccelerator
0x00007fff668ce000 	/System/Library/PrivateFrameworks/IOPresentment.framework/Versions/A/IOPresentment
0x00007fff60968000 	/System/Library/PrivateFrameworks/DSExternalDisplay.framework/Versions/A/DSExternalDisplay
0x00007fff5602c000 	/System/Library/Frameworks/OpenGL.framework/Versions/A/Libraries/libCoreFSCache.dylib
0x00007fff4e280000 	/System/Library/Frameworks/CoreVideo.framework/Versions/A/CoreVideo
0x00007fff65ead000 	/System/Library/PrivateFrameworks/GraphVisualizer.framework/Versions/A/GraphVisualizer
0x00007fff5102a000 	/System/Library/Frameworks/MetalPerformanceShaders.framework/Versions/A/MetalPerformanceShaders
0x00007fff71ed9000 	/usr/lib/libFosl_dynamic.dylib
0x00007fff61a3c000 	/System/Library/PrivateFrameworks/FaceCore.framework/Versions/A/FaceCore
0x00007fff54e27000 	/System/Library/Frameworks/OpenCL.framework/Versions/A/OpenCL
0x00007fff724da000 	/usr/lib/libcompression.dylib
0x00007fff4abb5000 	/System/Library/Frameworks/ApplicationServices.framework/Versions/A/Frameworks/ATS.framework/Versions/A/Resources/libFontParser.dylib
0x00007fff4acd8000 	/System/Library/Frameworks/ApplicationServices.framework/Versions/A/Frameworks/ATS.framework/Versions/A/Resources/libFontRegistry.dylib
0x00007fff4f1c7000 	/System/Library/Frameworks/ImageIO.framework/Versions/A/Resources/libJPEG.dylib
0x00007fff4f4f0000 	/System/Library/Frameworks/ImageIO.framework/Versions/A/Resources/libTIFF.dylib
0x00007fff4f4c6000 	/System/Library/Frameworks/ImageIO.framework/Versions/A/Resources/libPng.dylib
0x00007fff4f0da000 	/System/Library/Frameworks/ImageIO.framework/Versions/A/Resources/libGIF.dylib
0x00007fff4f0df000 	/System/Library/Frameworks/ImageIO.framework/Versions/A/Resources/libJP2.dylib
0x00007fff4f4ed000 	/System/Library/Frameworks/ImageIO.framework/Versions/A/Resources/libRadiance.dylib
0x00007fff5c9c9000 	/System/Library/PrivateFrameworks/AppleJPEG.framework/Versions/A/AppleJPEG
0x00007fff50e91000 	/System/Library/Frameworks/MetalPerformanceShaders.framework/Frameworks/MPSCore.framework/Versions/A/MPSCore
0x00007fff50ead000 	/System/Library/Frameworks/MetalPerformanceShaders.framework/Frameworks/MPSImage.framework/Versions/A/MPSImage
0x00007fff50f42000 	/System/Library/Frameworks/MetalPerformanceShaders.framework/Frameworks/MPSNeuralNetwork.framework/Versions/A/MPSNeuralNetwork
0x00007fff50f1d000 	/System/Library/Frameworks/MetalPerformanceShaders.framework/Frameworks/MPSMatrix.framework/Versions/A/MPSMatrix
0x00007fff67dc4000 	/System/Library/PrivateFrameworks/MetalTools.framework/Versions/A/MetalTools
0x00007fff561f7000 	/System/Library/Frameworks/OpenGL.framework/Versions/A/Libraries/libGLU.dylib
0x00007fff56037000 	/System/Library/Frameworks/OpenGL.framework/Versions/A/Libraries/libGFXShared.dylib
0x00007fff56041000 	/System/Library/Frameworks/OpenGL.framework/Versions/A/Libraries/libGL.dylib
0x00007fff5604d000 	/System/Library/Frameworks/OpenGL.framework/Versions/A/Libraries/libGLImage.dylib
0x00007fff56029000 	/System/Library/Frameworks/OpenGL.framework/Versions/A/Libraries/libCVMSPluginSupport.dylib
0x00007fff56032000 	/System/Library/Frameworks/OpenGL.framework/Versions/A/Libraries/libCoreVMClient.dylib
0x00007fff72c87000 	/usr/lib/libcups.2.dylib
0x00007fff503f8000 	/System/Library/Frameworks/Kerberos.framework/Versions/A/Kerberos
0x00007fff4ebbe000 	/System/Library/Frameworks/GSS.framework/Versions/A/GSS
0x00007fff73d8b000 	/usr/lib/libresolv.9.dylib
0x00007fff72e85000 	/usr/lib/libiconv.2.dylib
0x00007fff65f3f000 	/System/Library/PrivateFrameworks/Heimdal.framework/Versions/A/Heimdal
0x00007fff72e54000 	/usr/lib/libheimdal-asn1.dylib
0x00007fff54e9f000 	/System/Library/Frameworks/OpenDirectory.framework/Versions/A/OpenDirectory
0x00007fff5ecdf000 	/System/Library/PrivateFrameworks/CommonAuth.framework/Versions/A/CommonAuth
0x00007fff54e82000 	/System/Library/Frameworks/OpenDirectory.framework/Versions/A/Frameworks/CFOpenDirectory.framework/Versions/A/CFOpenDirectory
0x00007fff587ba000 	/System/Library/Frameworks/SecurityFoundation.framework/Versions/A/SecurityFoundation
0x00007fff5bb8e000 	/System/Library/PrivateFrameworks/APFS.framework/Versions/A/APFS
0x00007fff741c0000 	/usr/lib/libutil.dylib
0x00007fff5ca4c000 	/System/Library/PrivateFrameworks/AppleSauce.framework/Versions/A/AppleSauce
0x00007fff670ab000 	/System/Library/PrivateFrameworks/LinguisticData.framework/Versions/A/LinguisticData
0x00007fff73207000 	/usr/lib/libmarisa.dylib
0x00007fff67065000 	/System/Library/PrivateFrameworks/Lexicon.framework/Versions/A/Lexicon
0x00007fff71e04000 	/usr/lib/libChineseTokenizer.dylib
0x00007fff724c9000 	/usr/lib/libcmph.dylib
0x00007fff66f6f000 	/System/Library/PrivateFrameworks/LanguageModeling.framework/Versions/A/LanguageModeling
0x00007fff5f7ee000 	/System/Library/PrivateFrameworks/CoreEmoji.framework/Versions/A/CoreEmoji
0x00007fff58878000 	/System/Library/Frameworks/ServiceManagement.framework/Versions/A/ServiceManagement
0x00007fff5d296000 	/System/Library/PrivateFrameworks/BackgroundTaskManagement.framework/Versions/A/BackgroundTaskManagement
0x00007fff742bd000 	/usr/lib/libxslt.1.dylib
0x00007fff4bc76000 	/System/Library/Frameworks/Carbon.framework/Versions/A/Frameworks/Ink.framework/Versions/A/Ink
0x00007fff7014e000 	/System/Library/PrivateFrameworks/TextureIO.framework/Versions/A/TextureIO
0x00007fff722ee000 	/usr/lib/libate.dylib
0x00007fff608c8000 	/System/Library/PrivateFrameworks/CrashReporterSupport.framework/Versions/A/CrashReporterSupport
0x00007fff6d49e000 	/System/Library/PrivateFrameworks/Sharing.framework/Versions/A/Sharing
0x00007fff66cb0000 	/System/Library/PrivateFrameworks/IconServices.framework/Versions/A/IconServices
0x00007fff5cec6000 	/System/Library/PrivateFrameworks/AuthKit.framework/Versions/A/AuthKit
0x00007fff5c84c000 	/System/Library/PrivateFrameworks/Apple80211.framework/Versions/A/Apple80211
0x00007fff606dd000 	/System/Library/PrivateFrameworks/CoreUtils.framework/Versions/A/CoreUtils
0x00007fff4e2bb000 	/System/Library/Frameworks/CoreWLAN.framework/Versions/A/CoreWLAN
0x00007fff4ed00000 	/System/Library/Frameworks/IOBluetooth.framework/Versions/A/IOBluetooth
0x00007fff6b962000 	/System/Library/PrivateFrameworks/ProtocolBuffer.framework/Versions/A/ProtocolBuffer
0x00007fff67fbc000 	/System/Library/PrivateFrameworks/MobileKeyBag.framework/Versions/A/MobileKeyBag
0x00007fff5ff92000 	/System/Library/PrivateFrameworks/CorePhoneNumbers.framework/Versions/A/CorePhoneNumbers
0x00007fff5c984000 	/System/Library/PrivateFrameworks/AppleIDAuthSupport.framework/Versions/A/AppleIDAuthSupport
0x00007fff66f5b000 	/System/Library/PrivateFrameworks/KeychainCircle.framework/Versions/A/KeychainCircle
0x00007fff60863000 	/System/Library/PrivateFrameworks/CoreWiFi.framework/Versions/A/CoreWiFi
0x00007fff4c1c1000 	/System/Library/Frameworks/CoreBluetooth.framework/Versions/A/CoreBluetooth
0x00007fff60ab2000 	/System/Library/PrivateFrameworks/DebugSymbols.framework/Versions/A/DebugSymbols
0x00007fff60493000 	/System/Library/PrivateFrameworks/CoreSymbolication.framework/Versions/A/CoreSymbolication
0x00007fff6f93f000 	/System/Library/PrivateFrameworks/Symbolication.framework/Versions/A/Symbolication
0x00007fff5c876000 	/System/Library/PrivateFrameworks/AppleFSCompression.framework/Versions/A/AppleFSCompression
0x00007fff6ed8c000 	/System/Library/PrivateFrameworks/SpeechRecognitionCore.framework/Versions/A/SpeechRecognitionCore
0x000000010ec00000 	/Library/Java/JavaVirtualMachines/jdk-11.0.1.jdk/Contents/Home/lib/server/libjvm.dylib
0x000000010e383000 	/Library/Java/JavaVirtualMachines/jdk-11.0.1.jdk/Contents/Home/lib/libverify.dylib
0x000000010e38f000 	/Library/Java/JavaVirtualMachines/jdk-11.0.1.jdk/Contents/Home/lib/libjava.dylib
0x000000010e3bf000 	/Library/Java/JavaVirtualMachines/jdk-11.0.1.jdk/Contents/Home/lib/libjdwp.dylib
0x000000010f9be000 	/Library/Java/JavaVirtualMachines/jdk-11.0.1.jdk/Contents/Home/lib/libzip.dylib
0x000000010f9c6000 	/Library/Java/JavaVirtualMachines/jdk-11.0.1.jdk/Contents/Home/lib/libjimage.dylib
0x0000000119c58000 	/Library/Java/JavaVirtualMachines/jdk-11.0.1.jdk/Contents/Home/lib/libdt_socket.dylib
0x0000000119c5e000 	/Library/Java/JavaVirtualMachines/jdk-11.0.1.jdk/Contents/Home/lib/libnio.dylib
0x0000000119c6c000 	/Library/Java/JavaVirtualMachines/jdk-11.0.1.jdk/Contents/Home/lib/./libnet.dylib
0x0000000119d08000 	/Library/Java/JavaVirtualMachines/jdk-11.0.1.jdk/Contents/Home/lib/libawt.dylib
0x0000000119da2000 	/Library/Java/JavaVirtualMachines/jdk-11.0.1.jdk/Contents/Home/lib/./libmlib_image.dylib
0x00007fff503e1000 	/System/Library/Frameworks/JavaVM.framework/Versions/A/Frameworks/JavaNativeFoundation.framework/Versions/A/JavaNativeFoundation
0x00007fff503ea000 	/System/Library/Frameworks/JavaVM.framework/Versions/A/Frameworks/JavaRuntimeSupport.framework/Versions/A/JavaRuntimeSupport
0x00007fff503f3000 	/System/Library/Frameworks/JavaVM.framework/Versions/A/JavaVM
0x00007fff66e71000 	/System/Library/PrivateFrameworks/JavaLaunching.framework/Versions/A/JavaLaunching
0x00007fff4b961000 	/System/Library/Frameworks/Carbon.framework/Versions/A/Carbon
0x00007fff4b962000 	/System/Library/Frameworks/Carbon.framework/Versions/A/Frameworks/CommonPanels.framework/Versions/A/CommonPanels
0x00007fff4bc6c000 	/System/Library/Frameworks/Carbon.framework/Versions/A/Frameworks/Help.framework/Versions/A/Help
0x00007fff4bc70000 	/System/Library/Frameworks/Carbon.framework/Versions/A/Frameworks/ImageCapture.framework/Versions/A/ImageCapture
0x00007fff4bd0c000 	/System/Library/Frameworks/Carbon.framework/Versions/A/Frameworks/OpenScripting.framework/Versions/A/OpenScripting
0x00007fff4bd47000 	/System/Library/Frameworks/Carbon.framework/Versions/A/Frameworks/Print.framework/Versions/A/Print
0x00007fff4bd49000 	/System/Library/Frameworks/Carbon.framework/Versions/A/Frameworks/SecurityHI.framework/Versions/A/SecurityHI
0x0000000119e08000 	/Library/Java/JavaVirtualMachines/jdk-11.0.1.jdk/Contents/Home/lib/libawt_lwawt.dylib
0x0000000119eb5000 	/Library/Java/JavaVirtualMachines/jdk-11.0.1.jdk/Contents/Home/lib/./libosxapp.dylib
0x00007fff4e760000 	/System/Library/Frameworks/ExceptionHandling.framework/Versions/A/ExceptionHandling
0x000000012f3b3000 	/Library/Java/JavaVirtualMachines/jdk-11.0.1.jdk/Contents/Home/lib/libfontmanager.dylib
0x000000012f443000 	/Library/Java/JavaVirtualMachines/jdk-11.0.1.jdk/Contents/Home/lib/./libfreetype.dylib
0x00007fff60125000 	/System/Library/PrivateFrameworks/CoreServicesInternal.framework/Versions/A/CoreServicesInternal
0x00007fff44bdd000 	/System/Library/CoreServices/RawCamera.bundle/Contents/MacOS/RawCamera
0x00007fff67e36000 	/System/Library/PrivateFrameworks/MobileAsset.framework/Versions/A/MobileAsset
0x00007fff6f246000 	/System/Library/PrivateFrameworks/StreamingZip.framework/Versions/A/StreamingZip
0x00007fff50787000 	/System/Library/Frameworks/MediaToolbox.framework/Versions/A/MediaToolbox
0x00007fff5f42d000 	/System/Library/PrivateFrameworks/CoreAVCHD.framework/Versions/A/CoreAVCHD
0x00007fff506d0000 	/System/Library/Frameworks/MediaAccessibility.framework/Versions/A/MediaAccessibility
0x00007fff678b1000 	/System/Library/PrivateFrameworks/Mangrove.framework/Versions/A/Mangrove
0x00007fff4d659000 	/System/Library/Frameworks/CoreMedia.framework/Versions/A/CoreMedia
0x00007fff58e46000 	/System/Library/Frameworks/VideoToolbox.framework/Versions/A/VideoToolbox
0x00007fff5f024000 	/System/Library/PrivateFrameworks/CoreAUC.framework/Versions/A/CoreAUC
0x00007fff73df6000 	/usr/lib/libspindump.dylib
0x00007fff5cb41000 	/System/Library/PrivateFrameworks/AppleVA.framework/Versions/A/AppleVA
0x00007fff48ba0000 	/System/Library/Frameworks/Accelerate.framework/Versions/A/Frameworks/vImage.framework/Versions/A/Libraries/libCGInterfaces.dylib
0x00007fff4adc7000 	/System/Library/Frameworks/ApplicationServices.framework/Versions/A/Frameworks/ATS.framework/Versions/A/Resources/libTrueTypeScaler.dylib
0x00007fff46262000 	/System/Library/Extensions/AppleIntelBDWGraphicsMTLDriver.bundle/Contents/MacOS/AppleIntelBDWGraphicsMTLDriver
0x00007fff63ac6000 	/System/Library/PrivateFrameworks/GPUCompiler.framework/Versions/3802/Libraries/libmetal_timestamp.dylib
0x0000000132a54000 	/Library/Java/JavaVirtualMachines/jdk-11.0.1.jdk/Contents/Home/lib/libosxui.dylib
0x00007fff56bbd000 	/System/Library/Frameworks/OpenGL.framework/Versions/A/Resources/GLEngine.bundle/GLEngine
0x00007fff56089000 	/System/Library/Frameworks/OpenGL.framework/Versions/A/Libraries/libGLProgrammability.dylib
0x0000000134287000 	/System/Library/Extensions/AppleIntelBDWGraphicsGLDriver.bundle/Contents/MacOS/AppleIntelBDWGraphicsGLDriver
0x00007fff65126000 	/System/Library/PrivateFrameworks/GPUSupport.framework/Versions/A/Libraries/libGPUSupportMercury.dylib
0x00007fff56d55000 	/System/Library/Frameworks/OpenGL.framework/Versions/A/Resources/GLRendererFloat.bundle/GLRendererFloat
0x00007fff54e1e000 	/System/Library/Frameworks/OpenCL.framework/Versions/A/Libraries/libcldcpuengine.dylib
0x00007fff7294f000 	/usr/lib/libcrypto.35.dylib
0x00007fff702b5000 	/System/Library/PrivateFrameworks/TrustEvaluationAgent.framework/Versions/A/TrustEvaluationAgent
0x00007fff71140000 	/System/Library/PrivateFrameworks/ViewBridge.framework/Versions/A/ViewBridge
0x00007fff71b77000 	/System/Library/PrivateFrameworks/login.framework/Versions/A/login


VM Arguments:
jvm_args: -agentlib:jdwp=transport=dt_socket,suspend=y,address=localhost:61741 -Dfile.encoding=UTF-8 
java_command: Breakout code=Breakout.class
java_class_path (initial): /Users/piech/Documents/Teaching/CSBridge/2019/ctu/solution/BreakoutSoln/bin:/Users/piech/Documents/Teaching/CSBridge/2019/ctu/solution/BreakoutSoln/lib/espl.jar:/Users/piech/Documents/Teaching/CSBridge/2019/ctu/solution/BreakoutSoln/lib/spl.jar
Launcher Type: SUN_STANDARD

[Global flags]
     intx CICompilerCount                          = 3                                         {product} {ergonomic}
     uint ConcGCThreads                            = 1                                         {product} {ergonomic}
     uint G1ConcRefinementThreads                  = 4                                         {product} {ergonomic}
   size_t G1HeapRegionSize                         = 1048576                                   {product} {ergonomic}
    uintx GCDrainStackTargetSize                   = 64                                        {product} {ergonomic}
   size_t InitialHeapSize                          = 134217728                                 {product} {ergonomic}
   size_t MarkStackSize                            = 4194304                                   {product} {ergonomic}
   size_t MaxHeapSize                              = 2147483648                                {product} {ergonomic}
   size_t MaxNewSize                               = 1287651328                                {product} {ergonomic}
   size_t MinHeapDeltaBytes                        = 1048576                                   {product} {ergonomic}
    uintx NonNMethodCodeHeapSize                   = 5830092                                {pd product} {ergonomic}
    uintx NonProfiledCodeHeapSize                  = 122914074                              {pd product} {ergonomic}
    uintx ProfiledCodeHeapSize                     = 122914074                              {pd product} {ergonomic}
    uintx ReservedCodeCacheSize                    = 251658240                              {pd product} {ergonomic}
     bool SegmentedCodeCache                       = true                                      {product} {ergonomic}
     bool UseCompressedClassPointers               = true                                 {lp64_product} {ergonomic}
     bool UseCompressedOops                        = true                                 {lp64_product} {ergonomic}
     bool UseG1GC                                  = true                                      {product} {ergonomic}

Logging:
Log output configuration:
 #0: stdout all=warning uptime,level,tags
 #1: stderr all=off uptime,level,tags

Environment Variables:
PATH=/usr/bin:/bin:/usr/sbin:/sbin
SHELL=/bin/bash

Signal Handlers:
SIGSEGV: [libjvm.dylib+0x7525b4], sa_mask[0]=11111111011111110111111111111111, sa_flags=SA_ONSTACK|SA_RESTART|SA_SIGINFO
SIGBUS: [libjvm.dylib+0x7525b4], sa_mask[0]=11111111011111110111111111111111, sa_flags=SA_RESTART|SA_SIGINFO
SIGFPE: [libjvm.dylib+0x7525b4], sa_mask[0]=11111111011111110111111111111111, sa_flags=SA_RESTART|SA_SIGINFO
SIGPIPE: [libjvm.dylib+0x602b72], sa_mask[0]=11111111011111110111111111111111, sa_flags=SA_RESTART|SA_SIGINFO
SIGXFSZ: [libjvm.dylib+0x602b72], sa_mask[0]=11111111011111110111111111111111, sa_flags=SA_RESTART|SA_SIGINFO
SIGILL: [libjvm.dylib+0x7525b4], sa_mask[0]=11111111011111110111111111111111, sa_flags=SA_RESTART|SA_SIGINFO
SIGUSR2: [libjvm.dylib+0x603157], sa_mask[0]=00100000000000000000000000000000, sa_flags=SA_RESTART|SA_SIGINFO
SIGHUP: [libjvm.dylib+0x601bb3], sa_mask[0]=11111111011111110111111111111111, sa_flags=SA_RESTART|SA_SIGINFO
SIGINT: [libjvm.dylib+0x601bb3], sa_mask[0]=11111111011111110111111111111111, sa_flags=SA_RESTART|SA_SIGINFO
SIGTERM: [libjvm.dylib+0x601bb3], sa_mask[0]=11111111011111110111111111111111, sa_flags=SA_RESTART|SA_SIGINFO
SIGQUIT: [libjvm.dylib+0x601bb3], sa_mask[0]=11111111011111110111111111111111, sa_flags=SA_RESTART|SA_SIGINFO


---------------  S Y S T E M  ---------------

OS:uname:Darwin 17.7.0 Darwin Kernel Version 17.7.0: Thu Jun 21 22:53:14 PDT 2018; root:xnu-4570.71.2~1/RELEASE_X86_64 x86_64
rlimit: STACK 8192k, CORE 0k, NPROC 709, NOFILE 10240, AS infinity, DATA infinity, FSIZE infinity
load average:3.04 2.77 2.68

CPU:total 4 (initial active 4) (2 cores per cpu, 2 threads per core) family 6 model 61 stepping 4, cmov, cx8, fxsr, mmx, sse, sse2, sse3, ssse3, sse4.1, sse4.2, popcnt, avx, avx2, aes, clmul, erms, 3dnowpref, lzcnt, ht, tsc, tscinvbit, bmi1, bmi2, adx, fma

Memory: 4k page, physical 8388608k(804648k free)

vm_info: Java HotSpot(TM) 64-Bit Server VM (11.0.1+13-LTS) for bsd-amd64 JRE (11.0.1+13-LTS), built on Oct  6 2018 12:16:08 by "mach5one" with gcc 4.2.1 Compatible Apple LLVM 9.1.0 (clang-902.0.39.2)

END.
